{"level": "WARNING", "time": "2025-12-19 17:44:12,274", "module": "middleware", "message": "404 Error: GET /api/notifications/nonexistent_endpoint/"}
{"level": "WARNING", "time": "2025-12-19 17:44:12,279", "module": "middleware", "message": "404 Error: POST /api/orders/invalid_action/"}
{"level": "WARNING", "time": "2025-12-20 09:09:08,677", "module": "middleware", "message": "404 Error: GET /api/notifications/notifications/unread_count/"}
{"level": "WARNING", "time": "2025-12-20 09:09:08,681", "module": "middleware", "message": "404 Error: GET /api/orders/orders/real_time_updates/"}
{"level": "WARNING", "time": "2025-12-20 09:09:08,912", "module": "middleware", "message": "404 Error: GET /api/orders/99999/tracking_info/"}
{"level": "WARNING", "time": "2025-12-20 09:15:26,394", "module": "middleware", "message": "404 Error: GET /api/notifications/notifications/unread_count/"}
{"level": "WARNING", "time": "2025-12-20 09:15:26,399", "module": "middleware", "message": "404 Error: GET /api/orders/orders/real_time_updates/"}
{"level": "WARNING", "time": "2025-12-20 09:15:26,633", "module": "middleware", "message": "404 Error: GET /api/orders/99999/tracking_info/"}
{"level": "WARNING", "time": "2025-12-20 09:24:56,709", "module": "middleware", "message": "404 Error: GET /api/notifications/notifications/unread_count/"}
{"level": "WARNING", "time": "2025-12-20 09:24:56,720", "module": "middleware", "message": "404 Error: GET /api/orders/orders/real_time_updates/"}
{"level": "WARNING", "time": "2025-12-20 09:24:56,967", "module": "middleware", "message": "404 Error: GET /api/orders/99999/tracking_info/"}
{"level": "WARNING", "time": "2025-12-20 09:26:57,936", "module": "middleware", "message": "404 Error: GET /api/notifications/notifications/unread_count/"}
{"level": "WARNING", "time": "2025-12-20 09:26:57,941", "module": "middleware", "message": "404 Error: GET /api/orders/orders/real_time_updates/"}
{"level": "WARNING", "time": "2025-12-20 09:26:58,200", "module": "middleware", "message": "404 Error: GET /api/orders/99999/tracking_info/"}
{"level": "WARNING", "time": "2025-12-20 12:04:40,780", "module": "middleware", "message": "404 Error: GET /api/notifications/notifications/unread_count/"}
{"level": "WARNING", "time": "2025-12-20 12:04:40,784", "module": "middleware", "message": "404 Error: GET /api/orders/orders/real_time_updates/"}
{"level": "WARNING", "time": "2025-12-20 12:04:41,142", "module": "middleware", "message": "404 Error: GET /api/orders/99999/tracking_info/"}
{"level": "WARNING", "time": "2025-12-20 13:07:33,421", "module": "middleware", "message": "404 Error: GET /api/notifications/notifications/unread_count/"}
{"level": "WARNING", "time": "2025-12-20 13:07:33,425", "module": "middleware", "message": "404 Error: GET /api/orders/orders/real_time_updates/"}
{"level": "WARNING", "time": "2025-12-20 13:07:33,658", "module": "middleware", "message": "404 Error: GET /api/orders/99999/tracking_info/"}
{"level": "WARNING", "time": "2025-12-20 13:17:32,665", "module": "middleware", "message": "404 Error: GET /api/orders/99999/tracking_info/"}
{"level": "WARNING", "time": "2025-12-20 13:27:15,439", "module": "middleware", "message": "404 Error: GET /api/orders/99999/tracking_info/"}
{"level": "WARNING", "time": "2025-12-20 13:27:15,455", "module": "middleware", "message": "404 Error: GET /api/orders/invalid_id/tracking_info/"}
{"level": "WARNING", "time": "2025-12-20 13:27:15,462", "module": "middleware", "message": "404 Error: GET /api/orders/99999/tracking_info/"}
{"level": "WARNING", "time": "2025-12-20 13:31:20,688", "module": "middleware", "message": "404 Error: GET /api/notifications/notifications/unread_count/"}
{"level": "WARNING", "time": "2025-12-20 13:31:20,692", "module": "middleware", "message": "404 Error: GET /api/orders/orders/real_time_updates/"}
{"level": "WARNING", "time": "2025-12-20 13:31:20,925", "module": "middleware", "message": "404 Error: GET /api/orders/99999/tracking_info/"}
{"level": "WARNING", "time": "2025-12-20 13:36:05,313", "module": "middleware", "message": "404 Error: GET /api/notifications/notifications/unread_count/"}
{"level": "WARNING", "time": "2025-12-20 13:36:05,317", "module": "middleware", "message": "404 Error: GET /api/orders/orders/real_time_updates/"}
{"level": "WARNING", "time": "2025-12-20 13:36:05,550", "module": "middleware", "message": "404 Error: GET /api/orders/99999/tracking_info/"}
{"level": "WARNING", "time": "2025-12-20 13:42:03,160", "module": "middleware", "message": "404 Error: GET /api/notifications/notifications/unread_count/"}
{"level": "WARNING", "time": "2025-12-20 13:42:03,165", "module": "middleware", "message": "404 Error: GET /api/orders/orders/real_time_updates/"}
{"level": "WARNING", "time": "2025-12-20 13:42:03,402", "module": "middleware", "message": "404 Error: GET /api/orders/99999/tracking_info/"}
